2012/01/29 23:30:17 [error] [exception.CDbException] SQLSTATE[42000] [1044] Access denied for user ''@'localhost' to database 'yiidemoblog'
2012/01/29 23:30:17 [error] [exception.CDbException] exception 'CDbException' with message 'CDbConnection failed to open the DB connection.' in D:\Programmierung\php\xampp installationen\xampp-win32-1.7.7-VC9\xampp\htdocs\phpRecDB\phpRecDB\libs\yiiframework\db\CDbConnection.php:388
Stack trace:
#0 D:\Programmierung\php\xampp installationen\xampp-win32-1.7.7-VC9\xampp\htdocs\phpRecDB\phpRecDB\libs\yiiframework\db\CDbConnection.php(331): CDbConnection->open()
#1 D:\Programmierung\php\xampp installationen\xampp-win32-1.7.7-VC9\xampp\htdocs\phpRecDB\phpRecDB\libs\yiiframework\db\CDbConnection.php(309): CDbConnection->setActive(true)
#2 D:\Programmierung\php\xampp installationen\xampp-win32-1.7.7-VC9\xampp\htdocs\phpRecDB\phpRecDB\libs\yiiframework\base\CModule.php(388): CDbConnection->init()
#3 D:\Programmierung\php\xampp installationen\xampp-win32-1.7.7-VC9\xampp\htdocs\phpRecDB\phpRecDB\libs\yiiframework\base\CApplication.php(431): CModule->getComponent('db')
#4 D:\Programmierung\php\xampp installationen\xampp-win32-1.7.7-VC9\xampp\htdocs\phpRecDB\phpRecDB\libs\yiiframework\db\ar\CActiveRecord.php(615): CApplication->getDb()
#5 D:\Programmierung\php\xampp installationen\xampp-win32-1.7.7-VC9\xampp\htdocs\phpRecDB\phpRecDB\libs\yiiframework\db\ar\CActiveRecord.php(2263): CActiveRecord->getDbConnection()
#6 D:\Programmierung\php\xampp installationen\xampp-win32-1.7.7-VC9\xampp\htdocs\phpRecDB\phpRecDB\libs\yiiframework\db\ar\CActiveRecord.php(379): CActiveRecordMetaData->__construct(Object(Post))
#7 D:\Programmierung\php\xampp installationen\xampp-win32-1.7.7-VC9\xampp\htdocs\phpRecDB\phpRecDB\libs\yiiframework\web\CActiveDataProvider.php(75): CActiveRecord::model('Post')
#8 D:\Programmierung\php\xampp installationen\xampp-win32-1.7.7-VC9\xampp\htdocs\phpRecDB\demos\blog\protected\controllers\PostController.php(132): CActiveDataProvider->__construct('Post', Array)
#9 D:\Programmierung\php\xampp installationen\xampp-win32-1.7.7-VC9\xampp\htdocs\phpRecDB\phpRecDB\libs\yiiframework\web\actions\CInlineAction.php(50): PostController->actionIndex()
#10 D:\Programmierung\php\xampp installationen\xampp-win32-1.7.7-VC9\xampp\htdocs\phpRecDB\phpRecDB\libs\yiiframework\web\CController.php(309): CInlineAction->runWithParams(Array)
#11 D:\Programmierung\php\xampp installationen\xampp-win32-1.7.7-VC9\xampp\htdocs\phpRecDB\phpRecDB\libs\yiiframework\web\filters\CFilterChain.php(134): CController->runAction(Object(CInlineAction))
#12 D:\Programmierung\php\xampp installationen\xampp-win32-1.7.7-VC9\xampp\htdocs\phpRecDB\phpRecDB\libs\yiiframework\web\filters\CFilter.php(41): CFilterChain->run()
#13 D:\Programmierung\php\xampp installationen\xampp-win32-1.7.7-VC9\xampp\htdocs\phpRecDB\phpRecDB\libs\yiiframework\web\CController.php(1146): CFilter->filter(Object(CFilterChain))
#14 D:\Programmierung\php\xampp installationen\xampp-win32-1.7.7-VC9\xampp\htdocs\phpRecDB\phpRecDB\libs\yiiframework\web\filters\CInlineFilter.php(59): CController->filterAccessControl(Object(CFilterChain))
#15 D:\Programmierung\php\xampp installationen\xampp-win32-1.7.7-VC9\xampp\htdocs\phpRecDB\phpRecDB\libs\yiiframework\web\filters\CFilterChain.php(131): CInlineFilter->filter(Object(CFilterChain))
#16 D:\Programmierung\php\xampp installationen\xampp-win32-1.7.7-VC9\xampp\htdocs\phpRecDB\phpRecDB\libs\yiiframework\web\CController.php(292): CFilterChain->run()
#17 D:\Programmierung\php\xampp installationen\xampp-win32-1.7.7-VC9\xampp\htdocs\phpRecDB\phpRecDB\libs\yiiframework\web\CController.php(266): CController->runActionWithFilters(Object(CInlineAction), Array)
#18 D:\Programmierung\php\xampp installationen\xampp-win32-1.7.7-VC9\xampp\htdocs\phpRecDB\phpRecDB\libs\yiiframework\web\CWebApplication.php(276): CController->run('')
#19 D:\Programmierung\php\xampp installationen\xampp-win32-1.7.7-VC9\xampp\htdocs\phpRecDB\phpRecDB\libs\yiiframework\web\CWebApplication.php(135): CWebApplication->runController('')
#20 D:\Programmierung\php\xampp installationen\xampp-win32-1.7.7-VC9\xampp\htdocs\phpRecDB\phpRecDB\libs\yiiframework\base\CApplication.php(162): CWebApplication->processRequest()
#21 D:\Programmierung\php\xampp installationen\xampp-win32-1.7.7-VC9\xampp\htdocs\phpRecDB\demos\blog\index.php(11): CApplication->run()
#22 {main}
REQUEST_URI=/phpRecDB/demos/blog/index.php
---
